# JRE version: Java(TM) SE Runtime Environment (8.0_45-b14) (build 1.8.0_45-b14)
# Java VM: Java HotSpot(TM) 64-Bit Server VM (25.45-b02 mixed mode bsd-amd64 compressed oops)
Heap:
 PSYoungGen      total 30208K, used 5128K [0x00000007aab00000, 0x00000007ad280000, 0x00000007c0000000)
  eden space 23040K, 15% used [0x00000007aab00000,0x00000007aae92080,0x00000007ac180000)
  from space 7168K, 20% used [0x00000007acb80000,0x00000007accf0000,0x00000007ad280000)
  to   space 8704K, 0% used [0x00000007ac180000,0x00000007ac180000,0x00000007aca00000)
 ParOldGen       total 40960K, used 10634K [0x0000000780000000, 0x0000000782800000, 0x00000007aab00000)
  object space 40960K, 25% used [0x0000000780000000,0x0000000780a62b38,0x0000000782800000)
 Metaspace       used 21408K, capacity 22702K, committed 23040K, reserved 1069056K
  class space    used 2938K, capacity 3201K, committed 3328K, reserved 1048576K
GC Heap History (10 events):
Event: 7.925 GC heap before
{Heap before GC invocations=3 (full 0):
 PSYoungGen      total 18944K, used 18912K [0x00000007aab00000, 0x00000007ac000000, 0x00000007c0000000)
  eden space 16384K, 100% used [0x00000007aab00000,0x00000007abb00000,0x00000007abb00000)
  from space 2560K, 98% used [0x00000007abd80000,0x00000007abff8040,0x00000007ac000000)
  to   space 2560K, 0% used [0x00000007abb00000,0x00000007abb00000,0x00000007abd80000)
 ParOldGen       total 44032K, used 2828K [0x0000000780000000, 0x0000000782b00000, 0x00000007aab00000)
  object space 44032K, 6% used [0x0000000780000000,0x00000007802c33a0,0x0000000782b00000)
 Metaspace       used 19680K, capacity 20920K, committed 21120K, reserved 1067008K
  class space    used 2871K, capacity 3114K, committed 3200K, reserved 1048576K
Event: 7.938 GC heap after
Heap after GC invocations=3 (full 0):
 PSYoungGen      total 18944K, used 2544K [0x00000007aab00000, 0x00000007ac000000, 0x00000007c0000000)
  eden space 16384K, 0% used [0x00000007aab00000,0x00000007aab00000,0x00000007abb00000)
  from space 2560K, 99% used [0x00000007abb00000,0x00000007abd7c030,0x00000007abd80000)
  to   space 2560K, 0% used [0x00000007abd80000,0x00000007abd80000,0x00000007ac000000)
 ParOldGen       total 44032K, used 8006K [0x0000000780000000, 0x0000000782b00000, 0x00000007aab00000)
  object space 44032K, 18% used [0x0000000780000000,0x00000007807d1b48,0x0000000782b00000)
 Metaspace       used 19680K, capacity 20920K, committed 21120K, reserved 1067008K
  class space    used 2871K, capacity 3114K, committed 3200K, reserved 1048576K
}
Event: 8.195 GC heap before
{Heap before GC invocations=4 (full 0):
 PSYoungGen      total 18944K, used 4348K [0x00000007aab00000, 0x00000007ac000000, 0x00000007c0000000)
  eden space 16384K, 11% used [0x00000007aab00000,0x00000007aacc3090,0x00000007abb00000)
  from space 2560K, 99% used [0x00000007abb00000,0x00000007abd7c030,0x00000007abd80000)
  to   space 2560K, 0% used [0x00000007abd80000,0x00000007abd80000,0x00000007ac000000)
 ParOldGen       total 44032K, used 8006K [0x0000000780000000, 0x0000000782b00000, 0x00000007aab00000)
  object space 44032K, 18% used [0x0000000780000000,0x00000007807d1b48,0x0000000782b00000)
 Metaspace       used 19977K, capacity 21252K, committed 21296K, reserved 1067008K
  class space    used 2888K, capacity 3180K, committed 3200K, reserved 1048576K
Event: 8.207 GC heap after
Heap after GC invocations=4 (full 0):
 PSYoungGen      total 18944K, used 2544K [0x00000007aab00000, 0x00000007ad000000, 0x00000007c0000000)
  eden space 16384K, 0% used [0x00000007aab00000,0x00000007aab00000,0x00000007abb00000)
  from space 2560K, 99% used [0x00000007abd80000,0x00000007abffc030,0x00000007ac000000)
  to   space 2560K, 0% used [0x00000007abb00000,0x00000007abb00000,0x00000007abd80000)
 ParOldGen       total 44032K, used 8538K [0x0000000780000000, 0x0000000782b00000, 0x00000007aab00000)
  object space 44032K, 19% used [0x0000000780000000,0x0000000780856b58,0x0000000782b00000)
 Metaspace       used 19977K, capacity 21252K, committed 21296K, reserved 1067008K
  class space    used 2888K, capacity 3180K, committed 3200K, reserved 1048576K
}
Event: 8.207 GC heap before
{Heap before GC invocations=5 (full 1):
 PSYoungGen      total 18944K, used 2544K [0x00000007aab00000, 0x00000007ad000000, 0x00000007c0000000)
  eden space 16384K, 0% used [0x00000007aab00000,0x00000007aab00000,0x00000007abb00000)
  from space 2560K, 99% used [0x00000007abd80000,0x00000007abffc030,0x00000007ac000000)
  to   space 2560K, 0% used [0x00000007abb00000,0x00000007abb00000,0x00000007abd80000)
 ParOldGen       total 44032K, used 8538K [0x0000000780000000, 0x0000000782b00000, 0x00000007aab00000)
  object space 44032K, 19% used [0x0000000780000000,0x0000000780856b58,0x0000000782b00000)
 Metaspace       used 19977K, capacity 21252K, committed 21296K, reserved 1067008K
  class space    used 2888K, capacity 3180K, committed 3200K, reserved 1048576K
Event: 8.302 GC heap after
Heap after GC invocations=5 (full 1):
 PSYoungGen      total 18944K, used 0K [0x00000007aab00000, 0x00000007ad000000, 0x00000007c0000000)
  eden space 16384K, 0% used [0x00000007aab00000,0x00000007aab00000,0x00000007abb00000)
  from space 2560K, 0% used [0x00000007abd80000,0x00000007abd80000,0x00000007ac000000)
  to   space 2560K, 0% used [0x00000007abb00000,0x00000007abb00000,0x00000007abd80000)
 ParOldGen       total 40960K, used 10618K [0x0000000780000000, 0x0000000782800000, 0x00000007aab00000)
  object space 40960K, 25% used [0x0000000780000000,0x0000000780a5eb38,0x0000000782800000)
 Metaspace       used 19977K, capacity 21252K, committed 21296K, reserved 1067008K
  class space    used 2888K, capacity 3180K, committed 3200K, reserved 1048576K
}
Event: 20.771 GC heap before
{Heap before GC invocations=6 (full 1):
 PSYoungGen      total 18944K, used 16384K [0x00000007aab00000, 0x00000007ad000000, 0x00000007c0000000)
  eden space 16384K, 100% used [0x00000007aab00000,0x00000007abb00000,0x00000007abb00000)
  from space 2560K, 0% used [0x00000007abd80000,0x00000007abd80000,0x00000007ac000000)
  to   space 2560K, 0% used [0x00000007abb00000,0x00000007abb00000,0x00000007abd80000)
 ParOldGen       total 40960K, used 10618K [0x0000000780000000, 0x0000000782800000, 0x00000007aab00000)
  object space 40960K, 25% used [0x0000000780000000,0x0000000780a5eb38,0x0000000782800000)
 Metaspace       used 21176K, capacity 22432K, committed 22656K, reserved 1069056K
  class space    used 2920K, capacity 3182K, committed 3200K, reserved 1048576K
Event: 20.775 GC heap after
Heap after GC invocations=6 (full 1):
 PSYoungGen      total 18944K, used 1664K [0x00000007aab00000, 0x00000007ad400000, 0x00000007c0000000)
  eden space 16384K, 0% used [0x00000007aab00000,0x00000007aab00000,0x00000007abb00000)
  from space 2560K, 65% used [0x00000007abb00000,0x00000007abca0000,0x00000007abd80000)
  to   space 8704K, 0% used [0x00000007acb80000,0x00000007acb80000,0x00000007ad400000)
 ParOldGen       total 40960K, used 10626K [0x0000000780000000, 0x0000000782800000, 0x00000007aab00000)
  object space 40960K, 25% used [0x0000000780000000,0x0000000780a60b38,0x0000000782800000)
 Metaspace       used 21176K, capacity 22432K, committed 22656K, reserved 1069056K
  class space    used 2920K, capacity 3182K, committed 3200K, reserved 1048576K
}
Event: 224.578 GC heap before
{Heap before GC invocations=7 (full 1):
 PSYoungGen      total 18944K, used 18048K [0x00000007aab00000, 0x00000007ad400000, 0x00000007c0000000)
  eden space 16384K, 100% used [0x00000007aab00000,0x00000007abb00000,0x00000007abb00000)
  from space 2560K, 65% used [0x00000007abb00000,0x00000007abca0000,0x00000007abd80000)
  to   space 8704K, 0% used [0x00000007acb80000,0x00000007acb80000,0x00000007ad400000)
 ParOldGen       total 40960K, used 10626K [0x0000000780000000, 0x0000000782800000, 0x00000007aab00000)
  object space 40960K, 25% used [0x0000000780000000,0x0000000780a60b38,0x0000000782800000)
 Metaspace       used 21370K, capacity 22646K, committed 22912K, reserved 1069056K
  class space    used 2930K, capacity 3189K, committed 3200K, reserved 1048576K
Event: 224.583 GC heap after
Heap after GC invocations=7 (full 1):
 PSYoungGen      total 30208K, used 1472K [0x00000007aab00000, 0x00000007ad280000, 0x00000007c0000000)
  eden space 23040K, 0% used [0x00000007aab00000,0x00000007aab00000,0x00000007ac180000)
  from space 7168K, 20% used [0x00000007acb80000,0x00000007accf0000,0x00000007ad280000)
  to   space 8704K, 0% used [0x00000007ac180000,0x00000007ac180000,0x00000007aca00000)
 ParOldGen       total 40960K, used 10634K [0x0000000780000000, 0x0000000782800000, 0x00000007aab00000)
  object space 40960K, 25% used [0x0000000780000000,0x0000000780a62b38,0x0000000782800000)
 Metaspace       used 21370K, capacity 22646K, committed 22912K, reserved 1069056K
  class space    used 2930K, capacity 3189K, committed 3200K, reserved 1048576K
}

